[GIN-debug] [WARNING] Running in "debug" mode. Switch to "release" mode in production.
 - using env:	export GIN_MODE=release
 - using code:	gin.SetMode(gin.ReleaseMode)

[GIN-debug] GET    /css/*filepath            --> github.com/gin-gonic/gin.(*RouterGroup).createStaticHandler.func1 (5 handlers)
[GIN-debug] HEAD   /css/*filepath            --> github.com/gin-gonic/gin.(*RouterGroup).createStaticHandler.func1 (5 handlers)
[GIN-debug] Loaded HTML Templates (4): 
	- 
	- footer.html
	- header.html
	- index.html

[GIN-debug] GET    /api/videos               --> main.main.func1 (5 handlers)
[GIN-debug] POST   /api/videos               --> main.main.func2 (5 handlers)
[GIN-debug] GET    /view/videos              --> github.com/fesTech-cloud/gin/controller.VideoController.ShowAll-fm (5 handlers)
[GIN-debug] [WARNING] You trusted all proxies, this is NOT safe. We recommend you to set a value.
Please check https://pkg.go.dev/github.com/gin-gonic/gin#readme-don-t-trust-all-proxies for details.
[GIN-debug] Listening and serving HTTP on :8080
::1 - [02 May 24 22:12 WAT] GET /api/videos 200 9.5575ms 
::1 - [02 May 24 22:13 WAT] GET /api/videos 200 9.3472ms 
::1 - [02 May 24 22:13 WAT] POST /api/videos 200 22.9389ms 
::1 - [02 May 24 22:13 WAT] POST /api/videos 200 10.8864ms 
::1 - [02 May 24 22:13 WAT] GET /views/videos 401 0s 
::1 - [02 May 24 22:13 WAT] GET /views/videos 401 0s 
::1 - [02 May 24 22:13 WAT] GET /views/videos 401 0s 
::1 - [02 May 24 22:13 WAT] GET /views/videos 401 0s 
::1 - [02 May 24 22:14 WAT] GET /views/videos 404 20.2387ms 
::1 - [02 May 24 22:14 WAT] GET /favicon.ico 401 0s 
::1 - [02 May 24 22:14 WAT] GET /favicon.ico 404 13.2353ms 
::1 - [02 May 24 22:14 WAT] GET /view/videos 200 26.3071ms 
::1 - [02 May 24 22:14 WAT] GET /css/index.css 200 318.8275ms 
